WARNING:tensorflow:From train.py:33: initialize_all_variables (from tensorflow.python.ops.variables) is deprecated and will be removed after 2017-03-02.
Instructions for updating:
Use `tf.global_variables_initializer` instead.
2018-04-04 20:24:12.060108: W tensorflow/core/platform/cpu_feature_guard.cc:45] The TensorFlow library wasn't compiled to use SSE4.1 instructions, but these are available on your machine and could speed up CPU computations.
2018-04-04 20:24:12.060142: W tensorflow/core/platform/cpu_feature_guard.cc:45] The TensorFlow library wasn't compiled to use SSE4.2 instructions, but these are available on your machine and could speed up CPU computations.
2018-04-04 20:24:12.060147: W tensorflow/core/platform/cpu_feature_guard.cc:45] The TensorFlow library wasn't compiled to use AVX instructions, but these are available on your machine and could speed up CPU computations.
2018-04-04 20:24:12.060150: W tensorflow/core/platform/cpu_feature_guard.cc:45] The TensorFlow library wasn't compiled to use AVX2 instructions, but these are available on your machine and could speed up CPU computations.
2018-04-04 20:24:12.060154: W tensorflow/core/platform/cpu_feature_guard.cc:45] The TensorFlow library wasn't compiled to use FMA instructions, but these are available on your machine and could speed up CPU computations.
2018-04-04 20:24:12.422501: I tensorflow/core/common_runtime/gpu/gpu_device.cc:887] Found device 0 with properties: 
name: GeForce GTX 1080
major: 6 minor: 1 memoryClockRate (GHz) 1.7335
pciBusID 0000:04:00.0
Total memory: 7.92GiB
Free memory: 7.81GiB
2018-04-04 20:24:12.422546: I tensorflow/core/common_runtime/gpu/gpu_device.cc:908] DMA: 0 
2018-04-04 20:24:12.422556: I tensorflow/core/common_runtime/gpu/gpu_device.cc:918] 0:   Y 
2018-04-04 20:24:12.422563: I tensorflow/core/common_runtime/gpu/gpu_device.cc:977] Creating TensorFlow device (/gpu:0) -> (device: 0, name: GeForce GTX 1080, pci bus id: 0000:04:00.0)
魔数:2051, 图片数量: 60000张, 图片大小: 28*28
已解析 10000张
已解析 20000张
已解析 30000张
已解析 40000张
已解析 50000张
已解析 60000张
魔数:2049, 图片数量: 60000张
已解析 10000张
已解析 20000张
已解析 30000张
已解析 40000张
已解析 50000张
已解析 60000张
魔数:2051, 图片数量: 10000张, 图片大小: 28*28
已解析 10000张
魔数:2049, 图片数量: 10000张
已解析 10000张
Init variable!
start training!
Traceback (most recent call last):
  File "train.py", line 67, in <module>
    main()
  File "train.py", line 45, in main
    batch_xs, batch_ys = dataset.next_batch(batch_size, 'train')
  File "/home/qinyu/other_proj/hw3/data_provider.py", line 55, in next_batch
    one_hot_labels[i][int(labels_batch[i]+1)] = 1
TypeError: only length-1 arrays can be converted to Python scalars
